info it worked if it ends with ok
verbose cli [ 'node', '/usr/local/bin/npm', 'install' ]
info using npm@1.1.12
info using node@v0.6.14
verbose config file /Users/ivanfernandezperea/.npmrc
verbose config file /usr/local/etc/npmrc
verbose config file /usr/local/lib/node_modules/npm/npmrc
ERR! Couldn't read dependencies.
ERR! Failed to parse json
ERR! Unexpected end of input
ERR! File: /Users/ivanfernandezperea/Workspaces/backbone/package.json
ERR! JSON.parse Failed to parse package.json data.
ERR! JSON.parse package.json must be actual JSON, not just JavaScript.
ERR! JSON.parse This is not a bug in npm.
ERR! JSON.parse Tell the package author to fix their package.json file.
ERR! 
ERR! System Darwin 10.8.0
ERR! command "node" "/usr/local/bin/npm" "install"
ERR! cwd /Users/ivanfernandezperea/Workspaces/backbone
ERR! node -v v0.6.14
ERR! npm -v 1.1.12
ERR! file /Users/ivanfernandezperea/Workspaces/backbone/package.json
ERR! code EJSONPARSE
ERR! message Failed to parse json
ERR! message Unexpected end of input
ERR! errno {}
verbose exit [ 1, true ]
